#
# There is insufficient memory for the Java Runtime Environment to continue.
# Native memory allocation (mmap) failed to map 201326592 bytes for G1 virtual space
# Possible reasons:
#   The system is out of physical RAM or swap space
#   The process is running with CompressedOops enabled, and the Java Heap may be blocking the growth of the native heap
# Possible solutions:
#   Reduce memory load on the system
#   Increase physical memory or swap space
#   Check if swap backing store is full
#   Decrease Java heap size (-Xmx/-Xms)
#   Decrease number of Java threads
#   Decrease Java thread stack sizes (-Xss)
#   Set larger code cache with -XX:ReservedCodeCacheSize=
#   JVM is running with Zero Based Compressed Oops mode in which the Java heap is
#     placed in the first 32GB address space. The Java Heap base address is the
#     maximum limit for the native heap growth. Please use -XX:HeapBaseMinAddress
#     to set the Java Heap base and to place the Java Heap above 32GB virtual address.
# This output file may be truncated or incomplete.
#
#  Out of Memory Error (os_windows.cpp:3535), pid=9404, tid=8004
#
# JRE version:  (17.0.3.1+2) (build )
# Java VM: Java HotSpot(TM) 64-Bit Server VM (17.0.3.1+2-LTS-6, mixed mode, sharing, tiered, compressed oops, compressed class ptrs, g1 gc, windows-amd64)
# No core dump will be written. Minidumps are not enabled by default on client versions of Windows
#

---------------  S U M M A R Y ------------

Command Line: org.jetbrains.kotlin.cli.jvm.K2JVMCompiler @C:\Projects\obitechinvent\Bytmos\node_modules\react-native-screens\android\build\20220712_8560285315573464544.compiler.options

Host: Intel(R) Core(TM) i5-4310M CPU @ 2.70GHz, 4 cores, 11G,  Windows 10 , 64 bit Build 21996 (10.0.21996.1)
Time: Tue Jul 12 16:21:24 2022 W. Central Africa Standard Time elapsed time: 0.109252 seconds (0d 0h 0m 0s)

---------------  T H R E A D  ---------------

Current thread (0x00000184a2a3abc0):  JavaThread "Unknown thread" [_thread_in_vm, id=8004, stack(0x000000209f600000,0x000000209f700000)]

Stack: [0x000000209f600000,0x000000209f700000]
Native frames: (J=compiled Java code, j=interpreted, Vv=VM code, C=native code)
V  [jvm.dll+0x6711ba]
V  [jvm.dll+0x7d0834]
V  [jvm.dll+0x7d1fde]
V  [jvm.dll+0x7d2643]
V  [jvm.dll+0x242c85]
V  [jvm.dll+0x66e0d9]
V  [jvm.dll+0x662a22]
V  [jvm.dll+0x300ddb]
V  [jvm.dll+0x308376]
V  [jvm.dll+0x357f7e]
V  [jvm.dll+0x3581af]
V  [jvm.dll+0x2d7ff8]
V  [jvm.dll+0x2d8f64]
V  [jvm.dll+0x7a2411]
V  [jvm.dll+0x365d01]
V  [jvm.dll+0x78187c]
V  [jvm.dll+0x3e873f]
V  [jvm.dll+0x3ea1e1]
C  [jli.dll+0x527b]
C  [ucrtbase.dll+0x26c0c]
C  [KERNEL32.DLL+0x154e0]
C  [ntdll.dll+0x485b]


---------------  P R O C E S S  ---------------

Threads class SMR info:
_java_thread_list=0x00007ffce3be9858, length=0, elements={
}

Java Threads: ( => current thread )

Other Threads:
  0x00000184a2a918b0 GCTaskThread "GC Thread#0" [stack: 0x000000209f700000,0x000000209f800000] [id=8208]
  0x00000184a2a9f4a0 ConcurrentGCThread "G1 Main Marker" [stack: 0x000000209f800000,0x000000209f900000] [id=6780]
  0x00000184a2aa0460 ConcurrentGCThread "G1 Conc#0" [stack: 0x000000209f900000,0x000000209fa00000] [id=8384]

[error occurred during error reporting (printing all threads), id 0xc0000005, EXCEPTION_ACCESS_VIOLATION (0xc0000005) at pc=0x00007ffce34389e7]

VM state: not at safepoint (not fully initialized)

VM Mutex/Monitor currently owned by a thread:  ([mutex/lock_event])
[0x00000184a2a384b0] Heap_lock - owner thread: 0x00000184a2a3abc0

Heap address: 0x0000000741600000, size: 3050 MB, Compressed Oops mode: Zero based, Oop shift amount: 3

CDS archive(s) mapped at: [0x0000000000000000-0x0000000000000000-0x0000000000000000), size 0, SharedBaseAddress: 0x0000000800000000, ArchiveRelocationMode: 0.
Narrow klass base: 0x0000000000000000, Narrow klass shift: 0, Narrow klass range: 0x0

GC Precious Log:
<Empty>

Heap:
 garbage-first heap   total 0K, used 0K [0x0000000741600000, 0x0000000800000000)
  region size 2048K, 0 young (0K), 0 survivors (0K)

[error occurred during error reporting (printing heap information), id 0xc0000005, EXCEPTION_ACCESS_VIOLATION (0xc0000005) at pc=0x00007ffce381a629]

GC Heap History (0 events):
No events

Deoptimization events (0 events):
No events

Classes unloaded (0 events):
No events

Classes redefined (0 events):
No events

Internal exceptions (0 events):
No events

VM Operations (0 events):
No events

Events (1 events):
Event: 0.005 Loaded shared library C:\Program Files\Java\jdk-17.0.3.1\bin\java.dll


Dynamic libraries:
0x00007ff6e0840000 - 0x00007ff6e0850000 	C:\Program Files\Java\jdk-17.0.3.1\bin\java.exe
0x00007ffd3ba80000 - 0x00007ffd3bc87000 	C:\Windows\SYSTEM32\ntdll.dll
0x00007ffd3b730000 - 0x00007ffd3b7ed000 	C:\Windows\System32\KERNEL32.DLL
0x00007ffd38fa0000 - 0x00007ffd39312000 	C:\Windows\System32\KERNELBASE.dll
0x00007ffd39830000 - 0x00007ffd39941000 	C:\Windows\System32\ucrtbase.dll
0x00007ffd1fd40000 - 0x00007ffd1fd5a000 	C:\Program Files\Java\jdk-17.0.3.1\bin\VCRUNTIME140.dll
0x00007ffd23830000 - 0x00007ffd23848000 	C:\Program Files\Java\jdk-17.0.3.1\bin\jli.dll
0x00007ffd3a340000 - 0x00007ffd3a3ec000 	C:\Windows\System32\ADVAPI32.dll
0x00007ffd3ab30000 - 0x00007ffd3abd3000 	C:\Windows\System32\msvcrt.dll
0x00007ffd39dc0000 - 0x00007ffd39e5d000 	C:\Windows\System32\sechost.dll
0x00007ffd3b8a0000 - 0x00007ffd3b9c1000 	C:\Windows\System32\RPCRT4.dll
0x00007ffd3a7e0000 - 0x00007ffd3a98c000 	C:\Windows\System32\USER32.dll
0x00007ffd39320000 - 0x00007ffd39346000 	C:\Windows\System32\win32u.dll
0x00007ffd2abf0000 - 0x00007ffd2ae95000 	C:\Windows\WinSxS\amd64_microsoft.windows.common-controls_6595b64144ccf1df_6.0.21996.1_none_7d6b053978bcd706\COMCTL32.dll
0x00007ffd3a1e0000 - 0x00007ffd3a209000 	C:\Windows\System32\GDI32.dll
0x00007ffd395e0000 - 0x00007ffd396f2000 	C:\Windows\System32\gdi32full.dll
0x00007ffd393d0000 - 0x00007ffd3946d000 	C:\Windows\System32\msvcp_win.dll
0x00007ffd2a3a0000 - 0x00007ffd2a3aa000 	C:\Windows\SYSTEM32\VERSION.dll
0x00007ffd3a300000 - 0x00007ffd3a331000 	C:\Windows\System32\IMM32.DLL
0x00007ffd24790000 - 0x00007ffd2479c000 	C:\Program Files\Java\jdk-17.0.3.1\bin\vcruntime140_1.dll
0x00007ffd0c4c0000 - 0x00007ffd0c54d000 	C:\Program Files\Java\jdk-17.0.3.1\bin\msvcp140.dll
0x00007ffce3150000 - 0x00007ffce3d10000 	C:\Program Files\Java\jdk-17.0.3.1\bin\server\jvm.dll
0x00007ffd3b4f0000 - 0x00007ffd3b4f8000 	C:\Windows\System32\PSAPI.DLL
0x00007ffd345d0000 - 0x00007ffd34603000 	C:\Windows\SYSTEM32\WINMM.dll
0x00007ffd23820000 - 0x00007ffd23829000 	C:\Windows\SYSTEM32\WSOCK32.dll
0x00007ffd3b6c0000 - 0x00007ffd3b72f000 	C:\Windows\System32\WS2_32.dll
0x00007ffd381c0000 - 0x00007ffd381d7000 	C:\Windows\SYSTEM32\kernel.appcore.dll
0x00007ffd1fd30000 - 0x00007ffd1fd3a000 	C:\Program Files\Java\jdk-17.0.3.1\bin\jimage.dll
0x00007ffd2aea0000 - 0x00007ffd2b0c1000 	C:\Windows\SYSTEM32\DBGHELP.DLL
0x00007ffd29620000 - 0x00007ffd29651000 	C:\Windows\SYSTEM32\dbgcore.DLL
0x00007ffd39350000 - 0x00007ffd393d0000 	C:\Windows\System32\bcryptPrimitives.dll
0x00007ffd12b60000 - 0x00007ffd12b85000 	C:\Program Files\Java\jdk-17.0.3.1\bin\java.dll

dbghelp: loaded successfully - version: 4.0.5 - missing functions: none
symbol engine: initialized successfully - sym options: 0x614 - pdb path: .;C:\Program Files\Java\jdk-17.0.3.1\bin;C:\Windows\SYSTEM32;C:\Windows\WinSxS\amd64_microsoft.windows.common-controls_6595b64144ccf1df_6.0.21996.1_none_7d6b053978bcd706;C:\Program Files\Java\jdk-17.0.3.1\bin\server

VM Arguments:
java_command: org.jetbrains.kotlin.cli.jvm.K2JVMCompiler @C:\Projects\obitechinvent\Bytmos\node_modules\react-native-screens\android\build\20220712_8560285315573464544.compiler.options
java_class_path (initial): C:\Users\PLUS TECH\.gradle\caches\modules-2\files-2.1\org.jetbrains.kotlin\kotlin-compiler-embeddable\1.4.10\38c4b99d5d5362debdd9302a866730379aa2328a\kotlin-compiler-embeddable-1.4.10.jar;C:\Users\PLUS TECH\.gradle\caches\modules-2\files-2.1\org.jetbrains.kotlin\kotlin-reflect\1.4.10\e2b3c6695eee6085e606d96d685396dce23a3a06\kotlin-reflect-1.4.10.jar;C:\Users\PLUS TECH\.gradle\caches\modules-2\files-2.1\org.jetbrains.kotlin\kotlin-stdlib\1.4.10\ea29e063d2bbe695be13e9d044dcfb0c7add398e\kotlin-stdlib-1.4.10.jar;C:\Users\PLUS TECH\.gradle\caches\modules-2\files-2.1\org.jetbrains.kotlin\kotlin-script-runtime\1.4.10\7c19d9c2001e016cd7664cebe9eea66fc04a7f4f\kotlin-script-runtime-1.4.10.jar;C:\Users\PLUS TECH\.gradle\caches\modules-2\files-2.1\org.jetbrains.kotlin\kotlin-daemon-embeddable\1.4.10\dbd67f42bed28043d17d7c860b06110a00a45970\kotlin-daemon-embeddable-1.4.10.jar;C:\Users\PLUS TECH\.gradle\caches\modules-2\files-2.1\org.jetbrains.intellij.deps\trove4j\1.0.20181211\216c2e14b070f334479d800987affe4054cd563f\trove4j-1.0.20181211.jar;C:\Users\PLUS TECH\.gradle\caches\modules-2\files-2.1\org.jetbrains.kotlin\kotlin-stdlib-common\1.4.10\6229be3465805c99db1142ad75e6c6ddeac0b04c\kotlin-stdlib-common-1.4.10.jar;C:\Users\PLUS TECH\.gradle\caches\modules-2\files-2.1\org.jetbrains\annotations\13.0\919f0dfe192fb4e063e7dacadee7f8bb9a2672a9\annotations-13.0.jar
Launcher Type: SUN_STANDARD

[Global flags]
     intx CICompilerCount                          = 3                                         {product} {ergonomic}
     uint ConcGCThreads                            = 1                                         {product} {ergonomic}
     uint G1ConcRefinementThreads                  = 4                                         {product} {ergonomic}
   size_t G1HeapRegionSize                         = 2097152                                   {product} {ergonomic}
    uintx GCDrainStackTargetSize                   = 64                                        {product} {ergonomic}
   size_t InitialHeapSize                          = 201326592                                 {product} {ergonomic}
   size_t MarkStackSize                            = 4194304                                   {product} {ergonomic}
   size_t MaxHeapSize                              = 3198156800                                {product} {ergonomic}
   size_t MinHeapDeltaBytes                        = 2097152                                   {product} {ergonomic}
   size_t MinHeapSize                              = 8388608                                   {product} {ergonomic}
    uintx NonNMethodCodeHeapSize                   = 5832780                                {pd product} {ergonomic}
    uintx NonProfiledCodeHeapSize                  = 122912730                              {pd product} {ergonomic}
    uintx ProfiledCodeHeapSize                     = 122912730                              {pd product} {ergonomic}
    uintx ReservedCodeCacheSize                    = 251658240                              {pd product} {ergonomic}
     bool SegmentedCodeCache                       = true                                      {product} {ergonomic}
   size_t SoftMaxHeapSize                          = 3198156800                             {manageable} {ergonomic}
     bool UseCompressedClassPointers               = true                           {product lp64_product} {ergonomic}
     bool UseCompressedOops                        = true                           {product lp64_product} {ergonomic}
     bool UseG1GC                                  = true                                      {product} {ergonomic}
     bool UseLargePagesIndividualAllocation        = false                                  {pd product} {ergonomic}

Logging:
Log output configuration:
 #0: stdout all=warning uptime,level,tags
 #1: stderr all=off uptime,level,tags

Environment Variables:
JAVA_HOME=C:\Program Files\Java\jdk-17.0.3.1
CLASSPATH=C:\Projects\obitechinvent\Bytmos\android\\gradle\wrapper\gradle-wrapper.jar
PATH=C:\Projects\obitechinvent\Bytmos\android\node_modules\.bin;C:\Projects\obitechinvent\Bytmos\node_modules\.bin;C:\Projects\obitechinvent\node_modules\.bin;C:\Projects\node_modules\.bin;C:\node_modules\.bin;C:\Program Files\nodejs;C:\Temp\yarn--1657638899046-0.8946994109902016;C:\Projects\obitechinvent\Bytmos\node_modules\.bin;C:\Users\PLUS TECH\AppData\Local\Yarn\Data\link\node_modules\.bin;C:\Program Files\libexec\lib\node_modules\npm\bin\node-gyp-bin;C:\Program Files\lib\node_modules\npm\bin\node-gyp-bin;C:\Program Files\nodejs\node_modules\npm\bin\node-gyp-bin;C:\Program Files\Common Files\Oracle\Java\javapath;C:\Windows\system32;C:\Windows;C:\Windows\System32\Wbem;C:\Windows\System32\WindowsPowerShell\v1.0\;C:\Windows\System32\OpenSSH\;C:\Program Files\nodejs\;C:\Program Files\Git\cmd;C:\servers\xampp\php;C:\ProgramData\ComposerSetup\bin;C:\Program Files\dotnet\;C:\Program Files\Common Files\Oracle\Java\javapath;C:\Windows\system32;C:\Windows;C:\Windows\System32\Wbem;C:\Windows\System32\WindowsPowerShell\v1.0\;C:\Windows\System32\OpenSSH\;C:\Program Files\nodejs\;C:\Program Files\Git\cmd;C:\servers\xampp\php;C:\ProgramData\ComposerSetup\bin;C:\Python27\;C:\Python27\Scripts\;C:\Users\PLUS TECH\AppData\Local\Programs\Python\Python310\Scripts\;C:\Users\PLUS TECH\AppData\Local\Programs\Python\Python310\;C:\Users\PLUS TECH\AppData\Local\Microsoft\WindowsApps;C:\Users\PLUS TECH\AppData\Roaming\npm;C:\Users\PLUS TECH\AppData\Local\Programs\Microsoft VS Code\bin;C:\Users\PLUS TECH\AppData\Roaming\Composer\vendor\bin;C:\Users\PLUS TECH\AppData\Local\Yarn\bin;C:\Users\PLUS TECH\AppData\Local\Android\Sdk\platform-tools;C:\Users\PLUS TECH\.dotnet\tools
USERNAME=PLUS TECH
LANG=en_US.UTF-8
OS=Windows_NT
PROCESSOR_IDENTIFIER=Intel64 Family 6 Model 60 Stepping 3, GenuineIntel



---------------  S Y S T E M  ---------------

OS:
 Windows 10 , 64 bit Build 21996 (10.0.21996.1)
OS uptime: 0 days 1:02 hours

CPU: total 4 (initial active 4) (2 cores per cpu, 2 threads per core) family 6 model 60 stepping 3 microcode 0x28, cx8, cmov, fxsr, ht, mmx, sse, sse2, sse3, ssse3, sse4.1, sse4.2, popcnt, lzcnt, tsc, tscinvbit, avx, avx2, aes, erms, clmul, bmi1, bmi2, fma, vzeroupper, clflush

Memory: 4k page, system-wide physical 12193M (711M free)
TotalPageFile size 12193M (AvailPageFile size 108M)
current process WorkingSet (physical memory assigned to process): 10M, peak: 10M
current process commit charge ("private bytes"): 51M, peak: 243M

vm_info: Java HotSpot(TM) 64-Bit Server VM (17.0.3.1+2-LTS-6) for windows-amd64 JRE (17.0.3.1+2-LTS-6), built on Apr 25 2022 22:04:21 by "mach5one" with MS VC++ 16.8 / 16.9 (VS2019)

END.
