#
# There is insufficient memory for the Java Runtime Environment to continue.
# Native memory allocation (mmap) failed to map 201326592 bytes for G1 virtual space
# Possible reasons:
#   The system is out of physical RAM or swap space
#   The process is running with CompressedOops enabled, and the Java Heap may be blocking the growth of the native heap
# Possible solutions:
#   Reduce memory load on the system
#   Increase physical memory or swap space
#   Check if swap backing store is full
#   Decrease Java heap size (-Xmx/-Xms)
#   Decrease number of Java threads
#   Decrease Java thread stack sizes (-Xss)
#   Set larger code cache with -XX:ReservedCodeCacheSize=
#   JVM is running with Zero Based Compressed Oops mode in which the Java heap is
#     placed in the first 32GB address space. The Java Heap base address is the
#     maximum limit for the native heap growth. Please use -XX:HeapBaseMinAddress
#     to set the Java Heap base and to place the Java Heap above 32GB virtual address.
# This output file may be truncated or incomplete.
#
#  Out of Memory Error (os_windows.cpp:3535), pid=5644, tid=4492
#
# JRE version:  (17.0.3.1+2) (build )
# Java VM: Java HotSpot(TM) 64-Bit Server VM (17.0.3.1+2-LTS-6, mixed mode, sharing, tiered, compressed oops, compressed class ptrs, g1 gc, windows-amd64)
# No core dump will be written. Minidumps are not enabled by default on client versions of Windows
#

---------------  S U M M A R Y ------------

Command Line: 

Host: Intel(R) Core(TM) i5-4310M CPU @ 2.70GHz, 4 cores, 11G,  Windows 10 , 64 bit Build 21996 (10.0.21996.1)
Time: Sat Jul  9 20:10:37 2022 W. Central Africa Standard Time elapsed time: 0.116117 seconds (0d 0h 0m 0s)

---------------  T H R E A D  ---------------

Current thread (0x0000025f2a281c50):  JavaThread "Unknown thread" [_thread_in_vm, id=4492, stack(0x000000a3fc900000,0x000000a3fca00000)]

Stack: [0x000000a3fc900000,0x000000a3fca00000]
Native frames: (J=compiled Java code, j=interpreted, Vv=VM code, C=native code)
V  [jvm.dll+0x6711ba]
V  [jvm.dll+0x7d0834]
V  [jvm.dll+0x7d1fde]
V  [jvm.dll+0x7d2643]
V  [jvm.dll+0x242c85]
V  [jvm.dll+0x66e0d9]
V  [jvm.dll+0x662a22]
V  [jvm.dll+0x300ddb]
V  [jvm.dll+0x308376]
V  [jvm.dll+0x357f7e]
V  [jvm.dll+0x3581af]
V  [jvm.dll+0x2d7ff8]
V  [jvm.dll+0x2d8f64]
V  [jvm.dll+0x7a2411]
V  [jvm.dll+0x365d01]
V  [jvm.dll+0x78187c]
V  [jvm.dll+0x3e873f]
V  [jvm.dll+0x3ea1e1]
C  [jli.dll+0x527b]
C  [ucrtbase.dll+0x26c0c]
C  [KERNEL32.DLL+0x154e0]
C  [ntdll.dll+0x485b]


---------------  P R O C E S S  ---------------

Threads class SMR info:
_java_thread_list=0x00007ff8bc519858, length=0, elements={
}

Java Threads: ( => current thread )

Other Threads:
  0x0000025f2a2d7750 GCTaskThread "GC Thread#0" [stack: 0x000000a3fca00000,0x000000a3fcb00000] [id=8124]
  0x0000025f2a2e5530 ConcurrentGCThread "G1 Main Marker" [stack: 0x000000a3fcb00000,0x000000a3fcc00000] [id=5412]
  0x0000025f2a2e66e0 ConcurrentGCThread "G1 Conc#0" [stack: 0x000000a3fcc00000,0x000000a3fcd00000] [id=1152]

[error occurred during error reporting (printing all threads), id 0xc0000005, EXCEPTION_ACCESS_VIOLATION (0xc0000005) at pc=0x00007ff8bbd689e7]

VM state: not at safepoint (not fully initialized)

VM Mutex/Monitor currently owned by a thread:  ([mutex/lock_event])
[0x0000025f2a27ec10] Heap_lock - owner thread: 0x0000025f2a281c50

Heap address: 0x0000000741600000, size: 3050 MB, Compressed Oops mode: Zero based, Oop shift amount: 3

CDS archive(s) mapped at: [0x0000000000000000-0x0000000000000000-0x0000000000000000), size 0, SharedBaseAddress: 0x0000000800000000, ArchiveRelocationMode: 0.
Narrow klass base: 0x0000000000000000, Narrow klass shift: 0, Narrow klass range: 0x0

GC Precious Log:
<Empty>

Heap:
 garbage-first heap   total 0K, used 0K [0x0000000741600000, 0x0000000800000000)
  region size 2048K, 0 young (0K), 0 survivors (0K)

[error occurred during error reporting (printing heap information), id 0xc0000005, EXCEPTION_ACCESS_VIOLATION (0xc0000005) at pc=0x00007ff8bc14a629]

GC Heap History (0 events):
No events

Deoptimization events (0 events):
No events

Classes unloaded (0 events):
No events

Classes redefined (0 events):
No events

Internal exceptions (0 events):
No events

VM Operations (0 events):
No events

Events (1 events):
Event: 0.111 Loaded shared library C:\Program Files\Java\jdk-17.0.3.1\bin\java.dll


Dynamic libraries:
0x00007ff76fed0000 - 0x00007ff76fee0000 	C:\Program Files\Java\jdk-17.0.3.1\bin\java.exe
0x00007ff8fc900000 - 0x00007ff8fcb07000 	C:\Windows\SYSTEM32\ntdll.dll
0x00007ff8fb680000 - 0x00007ff8fb73d000 	C:\Windows\System32\KERNEL32.DLL
0x00007ff8fa0b0000 - 0x00007ff8fa422000 	C:\Windows\System32\KERNELBASE.dll
0x00007ff8f9e20000 - 0x00007ff8f9f31000 	C:\Windows\System32\ucrtbase.dll
0x00007ff8d7430000 - 0x00007ff8d744a000 	C:\Program Files\Java\jdk-17.0.3.1\bin\VCRUNTIME140.dll
0x00007ff8e46e0000 - 0x00007ff8e46f8000 	C:\Program Files\Java\jdk-17.0.3.1\bin\jli.dll
0x00007ff8fb9e0000 - 0x00007ff8fba8c000 	C:\Windows\System32\ADVAPI32.dll
0x00007ff8fa7d0000 - 0x00007ff8fa873000 	C:\Windows\System32\msvcrt.dll
0x00007ff8fbb20000 - 0x00007ff8fbbbd000 	C:\Windows\System32\sechost.dll
0x00007ff8fb3f0000 - 0x00007ff8fb511000 	C:\Windows\System32\RPCRT4.dll
0x00007ff8fa970000 - 0x00007ff8fab1c000 	C:\Windows\System32\USER32.dll
0x00007ff8f9fc0000 - 0x00007ff8f9fe6000 	C:\Windows\System32\win32u.dll
0x00007ff8fb290000 - 0x00007ff8fb2b9000 	C:\Windows\System32\GDI32.dll
0x00007ff8fa540000 - 0x00007ff8fa652000 	C:\Windows\System32\gdi32full.dll
0x00007ff8eab30000 - 0x00007ff8eadd5000 	C:\Windows\WinSxS\amd64_microsoft.windows.common-controls_6595b64144ccf1df_6.0.21996.1_none_7d6b053978bcd706\COMCTL32.dll
0x00007ff8fa4a0000 - 0x00007ff8fa53d000 	C:\Windows\System32\msvcp_win.dll
0x00007ff8f5810000 - 0x00007ff8f581a000 	C:\Windows\SYSTEM32\VERSION.dll
0x00007ff8fa8c0000 - 0x00007ff8fa8f1000 	C:\Windows\System32\IMM32.DLL
0x00007ff8e5270000 - 0x00007ff8e527c000 	C:\Program Files\Java\jdk-17.0.3.1\bin\vcruntime140_1.dll
0x00007ff8bc640000 - 0x00007ff8bc6cd000 	C:\Program Files\Java\jdk-17.0.3.1\bin\msvcp140.dll
0x00007ff8bba80000 - 0x00007ff8bc640000 	C:\Program Files\Java\jdk-17.0.3.1\bin\server\jvm.dll
0x00007ff8fa890000 - 0x00007ff8fa898000 	C:\Windows\System32\PSAPI.DLL
0x00007ff8f51d0000 - 0x00007ff8f5203000 	C:\Windows\SYSTEM32\WINMM.dll
0x00007ff8f6f60000 - 0x00007ff8f6f69000 	C:\Windows\SYSTEM32\WSOCK32.dll
0x00007ff8fb520000 - 0x00007ff8fb58f000 	C:\Windows\System32\WS2_32.dll
0x00007ff8f9040000 - 0x00007ff8f9057000 	C:\Windows\SYSTEM32\kernel.appcore.dll
0x00007ff8e3830000 - 0x00007ff8e383a000 	C:\Program Files\Java\jdk-17.0.3.1\bin\jimage.dll
0x00007ff8eb270000 - 0x00007ff8eb491000 	C:\Windows\SYSTEM32\DBGHELP.DLL
0x00007ff8ea340000 - 0x00007ff8ea371000 	C:\Windows\SYSTEM32\dbgcore.DLL
0x00007ff8f9f40000 - 0x00007ff8f9fc0000 	C:\Windows\System32\bcryptPrimitives.dll
0x00007ff8d5e00000 - 0x00007ff8d5e25000 	C:\Program Files\Java\jdk-17.0.3.1\bin\java.dll

dbghelp: loaded successfully - version: 4.0.5 - missing functions: none
symbol engine: initialized successfully - sym options: 0x614 - pdb path: .;C:\Program Files\Java\jdk-17.0.3.1\bin;C:\Windows\SYSTEM32;C:\Windows\WinSxS\amd64_microsoft.windows.common-controls_6595b64144ccf1df_6.0.21996.1_none_7d6b053978bcd706;C:\Program Files\Java\jdk-17.0.3.1\bin\server

VM Arguments:
java_command: <unknown>
java_class_path (initial): <not set>
Launcher Type: SUN_STANDARD

[Global flags]
     intx CICompilerCount                          = 3                                         {product} {ergonomic}
     uint ConcGCThreads                            = 1                                         {product} {ergonomic}
     uint G1ConcRefinementThreads                  = 4                                         {product} {ergonomic}
   size_t G1HeapRegionSize                         = 2097152                                   {product} {ergonomic}
    uintx GCDrainStackTargetSize                   = 64                                        {product} {ergonomic}
   size_t InitialHeapSize                          = 201326592                                 {product} {ergonomic}
   size_t MarkStackSize                            = 4194304                                   {product} {ergonomic}
   size_t MaxHeapSize                              = 3198156800                                {product} {ergonomic}
   size_t MinHeapDeltaBytes                        = 2097152                                   {product} {ergonomic}
   size_t MinHeapSize                              = 8388608                                   {product} {ergonomic}
    uintx NonNMethodCodeHeapSize                   = 5832780                                {pd product} {ergonomic}
    uintx NonProfiledCodeHeapSize                  = 122912730                              {pd product} {ergonomic}
    uintx ProfiledCodeHeapSize                     = 122912730                              {pd product} {ergonomic}
    uintx ReservedCodeCacheSize                    = 251658240                              {pd product} {ergonomic}
     bool SegmentedCodeCache                       = true                                      {product} {ergonomic}
   size_t SoftMaxHeapSize                          = 3198156800                             {manageable} {ergonomic}
     bool UseCompressedClassPointers               = true                           {product lp64_product} {ergonomic}
     bool UseCompressedOops                        = true                           {product lp64_product} {ergonomic}
     bool UseG1GC                                  = true                                      {product} {ergonomic}
     bool UseLargePagesIndividualAllocation        = false                                  {pd product} {ergonomic}

Logging:
Log output configuration:
 #0: stdout all=warning uptime,level,tags
 #1: stderr all=off uptime,level,tags

Environment Variables:
PATH=C:\Projects\obitechinvent\Bytmos\android\node_modules\.bin;C:\Projects\obitechinvent\Bytmos\node_modules\.bin;C:\Projects\obitechinvent\node_modules\.bin;C:\Projects\node_modules\.bin;C:\node_modules\.bin;C:\Program Files\nodejs;C:\Projects\obitechinvent\Bytmos\node_modules\.bin;C:\Projects\obitechinvent\node_modules\.bin;C:\Projects\node_modules\.bin;C:\node_modules\.bin;C:\Users\PLUS TECH\AppData\Roaming\npm\node_modules\npm\node_modules\@npmcli\run-script\lib\node-gyp-bin;C:\Program Files\Common Files\Oracle\Java\javapath;C:\Windows\system32;C:\Windows;C:\Windows\System32\Wbem;C:\Windows\System32\WindowsPowerShell\v1.0\;C:\Windows\System32\OpenSSH\;C:\Program Files\nodejs\;C:\Program Files\Git\cmd;C:\servers\xampp\php;C:\ProgramData\ComposerSetup\bin;C:\Program Files\Common Files\Oracle\Java\javapath;C:\Windows\system32;C:\Windows;C:\Windows\System32\Wbem;C:\Windows\System32\WindowsPowerShell\v1.0\;C:\Windows\System32\OpenSSH\;C:\Program Files\nodejs\;C:\Program Files\Git\cmd;C:\servers\xampp\php;C:\ProgramData\ComposerSetup\bin;C:\Users\PLUS TECH\AppData\Local\Programs\Python\Python310\Scripts\;C:\Users\PLUS TECH\AppData\Local\Programs\Python\Python310\;C:\Users\PLUS TECH\AppData\Local\Microsoft\WindowsApps;C:\Users\PLUS TECH\AppData\Roaming\npm;C:\Users\PLUS TECH\AppData\Local\Programs\Microsoft VS Code\bin;C:\Users\PLUS TECH\AppData\Roaming\Composer\vendor\bin;C:\Users\PLUS TECH\AppData\Local\Yarn\bin;C:\Users\PLUS TECH\AppData\Local\Android\Sdk\platform-tools;
USERNAME=PLUS TECH
LANG=en_US.UTF-8
OS=Windows_NT
PROCESSOR_IDENTIFIER=Intel64 Family 6 Model 60 Stepping 3, GenuineIntel



---------------  S Y S T E M  ---------------

OS:
 Windows 10 , 64 bit Build 21996 (10.0.21996.1)
OS uptime: 0 days 1:12 hours

CPU: total 4 (initial active 4) (2 cores per cpu, 2 threads per core) family 6 model 60 stepping 3 microcode 0x28, cx8, cmov, fxsr, ht, mmx, sse, sse2, sse3, ssse3, sse4.1, sse4.2, popcnt, lzcnt, tsc, tscinvbit, avx, avx2, aes, erms, clmul, bmi1, bmi2, fma, vzeroupper, clflush

Memory: 4k page, system-wide physical 12193M (1205M free)
TotalPageFile size 12193M (AvailPageFile size 72M)
current process WorkingSet (physical memory assigned to process): 10M, peak: 10M
current process commit charge ("private bytes"): 51M, peak: 243M

vm_info: Java HotSpot(TM) 64-Bit Server VM (17.0.3.1+2-LTS-6) for windows-amd64 JRE (17.0.3.1+2-LTS-6), built on Apr 25 2022 22:04:21 by "mach5one" with MS VC++ 16.8 / 16.9 (VS2019)

END.
